<?xml version="1.0" encoding="UTF-8"?>
<testng-results ignored="0" total="1" passed="1" failed="0" skipped="0">
  <reporter-output>
  </reporter-output>
  <suite started-at="2021-06-04T06:22:57Z" name="Default suite" finished-at="2021-06-04T06:23:16Z" duration-ms="18783">
    <groups>
    </groups>
    <test started-at="2021-06-04T06:22:57Z" name="Default test" finished-at="2021-06-04T06:23:16Z" duration-ms="18783">
      <class name="SauceLabDemo.SauceLabTest">
        <test-method signature="test1()[pri:0, instance:SauceLabDemo.SauceLabTest@11f0a5a1]" started-at="2021-06-04T06:22:57Z" name="test1" finished-at="2021-06-04T06:23:16Z" duration-ms="18753" status="PASS">
          <reporter-output>
          </reporter-output>
        </test-method> <!-- test1 -->
      </class> <!-- SauceLabDemo.SauceLabTest -->
    </test> <!-- Default test -->
  </suite> <!-- Default suite -->
</testng-results>
