<?xml version="1.0" encoding="UTF-8"?>
<!-- Generated by org.testng.reporters.JUnitXMLReporter -->
<testsuite ignored="2" hostname="sals-air.lan" failures="0" tests="3" name="test1" time="0.09" errors="0" timestamp="2021-05-25T18:28:43 EDT">
  <testcase classname="com.RegressionTest" name="test3" time="0.013"/>
  <testcase classname="com.testingClass" name="test4" time="0.004"/>
  <testcase classname="com.testingClass" name="test5" time="0.001"/>
  <testcase classname="com.RegressionTest" name="test2" time="0.0">
    <ignored/>
  </testcase> <!-- test2 -->
  <testcase classname="com.SmokeTest" name="test1" time="0.0">
    <ignored/>
  </testcase> <!-- test1 -->
</testsuite> <!-- test1 -->
