<?xml version="1.0" encoding="UTF-8"?>
<testng-results ignored="2" total="5" passed="3" failed="0" skipped="0">
  <reporter-output>
  </reporter-output>
  <suite started-at="2021-05-25T18:28:43 EDT" name="suite1" finished-at="2021-05-25T18:28:43 EDT" duration-ms="90">
    <groups>
      <group name="FrontEnd">
        <method signature="RegressionTest.test3()[pri:0, instance:com.RegressionTest@2cd2a21f]" name="test3" class="com.RegressionTest"/>
        <method signature="testingClass.test4()[pri:0, instance:com.testingClass@74455848]" name="test4" class="com.testingClass"/>
        <method signature="testingClass.test5()[pri:0, instance:com.testingClass@74455848]" name="test5" class="com.testingClass"/>
      </group> <!-- FrontEnd -->
    </groups>
    <test started-at="2021-05-25T18:28:43 EDT" name="test1" finished-at="2021-05-25T18:28:43 EDT" duration-ms="90">
      <class name="com.RegressionTest">
        <test-method signature="test3()[pri:0, instance:com.RegressionTest@2cd2a21f]" started-at="2021-05-25T18:28:43 EDT" name="test3" finished-at="2021-05-25T18:28:43 EDT" duration-ms="13" status="PASS">
          <reporter-output>
          </reporter-output>
        </test-method> <!-- test3 -->
      </class> <!-- com.RegressionTest -->
      <class name="com.testingClass">
        <test-method signature="test4()[pri:0, instance:com.testingClass@74455848]" started-at="2021-05-25T18:28:43 EDT" name="test4" finished-at="2021-05-25T18:28:43 EDT" duration-ms="4" status="PASS">
          <reporter-output>
          </reporter-output>
        </test-method> <!-- test4 -->
        <test-method signature="test5()[pri:0, instance:com.testingClass@74455848]" started-at="2021-05-25T18:28:43 EDT" name="test5" finished-at="2021-05-25T18:28:43 EDT" duration-ms="1" status="PASS">
          <reporter-output>
          </reporter-output>
        </test-method> <!-- test5 -->
      </class> <!-- com.testingClass -->
    </test> <!-- test1 -->
  </suite> <!-- suite1 -->
</testng-results>
